21:39:15.222 -------------------------------------------------------------------------------
>Log Session: Thursday, October 3, 2019 9:39:15 PM UTC
>System Info: 
  Product Version         = Maltego Commercial 20170928-unknown-revn
  Operating System        = Linux version 4.19.0-kali4-amd64 running on amd64
  Java; VM; Vendor        = 1.8.0_212; OpenJDK 64-Bit Server VM 25.212-b01; Oracle Corporation
  Runtime                 = OpenJDK Runtime Environment 1.8.0_212-8u212-b01-1-b01
  Java Home               = /usr/lib/jvm/java-8-openjdk-amd64/jre
  System Locale; Encoding = en_US (maltego); UTF-8
  Home Directory          = /root
  Current Directory       = /usr/share/maltego/bin
  User Directory          = /root/.maltego/v4.1.0
  Cache Directory         = /root/.maltego/v4.1.0/var/cache
  Installation            = /usr/share/maltego/maltego
                            /usr/share/maltego/groovy
                            /usr/share/maltego/ide
                            /usr/share/maltego/java
                            /usr/share/maltego/maltego-ui
                            /usr/share/maltego/maltego-core-platform
                            /usr/share/maltego/extra
                            /usr/share/maltego/platform
  Boot & Ext. Classpath   = /usr/lib/jvm/java-8-openjdk-amd64/jre/lib/resources.jar:/usr/lib/jvm/java-8-openjdk-amd64/jre/lib/rt.jar:/usr/lib/jvm/java-8-openjdk-amd64/jre/lib/sunrsasign.jar:/usr/lib/jvm/java-8-openjdk-amd64/jre/lib/jsse.jar:/usr/lib/jvm/java-8-openjdk-amd64/jre/lib/jce.jar:/usr/lib/jvm/java-8-openjdk-amd64/jre/lib/charsets.jar:/usr/lib/jvm/java-8-openjdk-amd64/jre/lib/jfr.jar:/usr/lib/jvm/java-8-openjdk-amd64/jre/classes:/usr/lib/jvm/java-8-openjdk-amd64/jre/lib/ext/cldrdata.jar:/usr/lib/jvm/java-8-openjdk-amd64/jre/lib/ext/dnsns.jar:/usr/lib/jvm/java-8-openjdk-amd64/jre/lib/ext/icedtea-sound.jar:/usr/lib/jvm/java-8-openjdk-amd64/jre/lib/ext/jaccess.jar:/usr/lib/jvm/java-8-openjdk-amd64/jre/lib/ext/java-atk-wrapper.jar:/usr/lib/jvm/java-8-openjdk-amd64/jre/lib/ext/localedata.jar:/usr/lib/jvm/java-8-openjdk-amd64/jre/lib/ext/nashorn.jar:/usr/lib/jvm/java-8-openjdk-amd64/jre/lib/ext/sunec.jar:/usr/lib/jvm/java-8-openjdk-amd64/jre/lib/ext/sunjce_provider.jar:/usr/lib/jvm/java-8-openjdk-amd64/jre/lib/ext/sunpkcs11.jar:/usr/lib/jvm/java-8-openjdk-amd64/jre/lib/ext/zipfs.jar
  Application Classpath   = /usr/share/maltego/platform/lib/boot.jar:/usr/share/maltego/platform/lib/org-openide-modules.jar:/usr/share/maltego/platform/lib/org-openide-util.jar:/usr/share/maltego/platform/lib/org-openide-util-lookup.jar
  Startup Classpath       = /usr/share/maltego/platform/core/core.jar:/usr/share/maltego/platform/core/org-openide-filesystems.jar:/usr/share/maltego/maltego/core/locale/core_maltego.jar
-------------------------------------------------------------------------------
21:39:16.486 WARNING [org.netbeans.core.modules]: the modules [org.netbeans.modules.java.editor.lib] use org.netbeans.modules.editor.deprecated.pre65formatting which is deprecated.
21:39:16.977 Cannot initialize GTK colors - using hardcoded defaults: java.lang.NoSuchMethodException: javax.swing.plaf.synth.SynthContext.getContext(java.lang.Class, javax.swing.JComponent, javax.swing.plaf.synth.Region, javax.swing.plaf.synth.SynthStyle, int)
21:39:17.303 INFO [org.officelaf.Installer]: Default Text Antialias (JRE) = OFF
21:39:17.303 INFO [org.officelaf.Installer]: Desktop Text Antialias (Swing) = ON (Before modified from preferences)
21:39:17.311 INFO [org.officelaf.Installer]: Desktop Text Antialias (Swing) = LCD_HRGB (After modified from preferences)
21:39:17.314 INFO [org.officelaf.MaltegoLAFRefresher]: LAF: linux: com.bulenkov.darcula.DarculaLaf
21:39:17.555 INFO [org.officelaf.MaltegoLAFRefresher]: LAF: linux: com.bulenkov.darcula.DarculaLaf
21:39:17.621 INFO [org.netbeans.core2.network.proxy.NetworkProxyReloader]: System network proxy resolver: Gnome
21:39:17.749 INFO [org.netbeans.core2.network.proxy.gnome.GsettingsNetworkProxy]: GSettings system proxy resolver: direct connection
21:39:17.750 INFO [org.netbeans.core2.network.proxy.NetworkProxyReloader]: System network proxy reloading succeeded.
21:39:17.750 INFO [org.netbeans.core2.network.proxy.NetworkProxyReloader]: System network proxy - mode: direct
21:39:17.750 INFO [org.netbeans.core2.network.proxy.NetworkProxyReloader]: System network proxy: fell to default (correct if direct mode went before)
21:39:17.794 INFO [com.paterva.maltego.licensing.ui.Installer]: License mode: Free (Online)
21:39:17.801 INFO [com.paterva.maltego.util.Installer]: Version: Maltego 4.1.0.10552
21:39:17.842 INFO [com.paterva.maltego.welcome.update.UpdateOptionProcessor]: Update Center URL restored...
21:39:17.842 INFO [com.paterva.maltego.welcome.update.UpdateOptionProcessor]:    before=
21:39:17.842 INFO [com.paterva.maltego.welcome.update.UpdateOptionProcessor]:    after=https://mupdates.paterva.com/MUS/41/ONE/updates.xml.gz
21:39:17.897 INFO [org.netbeans.core.startup.NbEvents]: Turning on modules:
21:39:17.898 	org.openide.util.lookup [8.25.1 20161010-unknown-revn]
	org.openide.util [8.39.3 20161010-unknown-revn]
	org.openide.modules [7.43.1 20161010-unknown-revn]
	org.netbeans.libs.xerces/1 [1.35.1.282 282 20160425-unknown-revn]
	y [2.1 170928]
	org.simpleframework.xml [2.3.5 170928]
	org.pushingpixels.trident [2.0 170928]
	org.pushingpixels.flamingo [2.0 170928]
	org.netbeans.api.annotations.common/1 [1.24.1 20161010-unknown-revn]
	org.openide.filesystems [8.12.1 20161010-unknown-revn]
	org.openide.awt [7.62.2 20161010-unknown-revn]
	org.netbeans.swing.plaf [1.37.1 20161010-unknown-revn]
	org.netbeans.api.progress/1 [1.38.1 20161010-unknown-revn]
	org.openide.dialogs [7.38.3 20161010-unknown-revn]
	org.openide.nodes [7.39.1 20161010-unknown-revn]
	org.openide.windows [6.71.1 20161010-unknown-revn]
	org.netbeans.swing.tabcontrol [1.51.2 20161010-unknown-revn]
	org.netbeans.swing.outline [1.30.2 20161010-unknown-revn]
	org.openide.explorer [6.57.4 20170526-unknown-revn]
	org.netbeans.modules.editor.mimelookup/1 [1.36.1 20161010-unknown-revn]
	org.openide.text [6.62.1 20161010-unknown-revn]
	org.openide.actions [6.35.1 20161010-unknown-revn]
	org.netbeans.modules.keyring [1.20.1 20161010-unknown-revn]
	org.openide.io [1.45.1 20161010-unknown-revn]
	org.netbeans.bootstrap/1 [2.69.2 20161010-unknown-revn]
	org.netbeans.core.startup/1 [1.55.5 20170928-unknown-revn]
	org.netbeans.modules.queries/1 [1.39.1 20161010-unknown-revn]
	org.openide.loaders [7.57.2 20170817-unknown-revn]
	org.netbeans.modules.sampler [1.10.1 20161010-unknown-revn]
	org.netbeans.core/2 [3.46.4 20170120-unknown-revn]
	org.phansson.netbeans.net.nbnetauthenticator [1.1 170928]
	org.openide.execution [1.36.1 20161010-unknown-revn]
	org.netbeans.spi.tasklist/1 [1.30.1.1 1 20160425-unknown-revn]
	org.netbeans.spi.quicksearch [1.23.1 20161010-unknown-revn]
	org.netbeans.spi.palette/1 [1.42.7 20170911-unknown-revn]
	org.netbeans.spi.navigator/1 [1.33.1 20160425-unknown-revn]
	org.netbeans.modules.editor.settings/1 [1.53.1 20160425-unknown-revn]
	org.netbeans.modules.editor.util/1 [1.58.1 20160425-unknown-revn]
	org.netbeans.modules.lexer/2 [1.59.1.1 1 20160425-unknown-revn]
	org.netbeans.modules.editor.lib2/1 [1.85.1.43 43 20160425-unknown-revn]
	org.netbeans.modules.options.api/1 [1.41.3 20161013-unknown-revn]
	org.netbeans.modules.options.keymap [1.31.1 20161013-unknown-revn]
	org.netbeans.modules.editor.settings.storage/1 [1.45.2 20160425-unknown-revn]
	org.netbeans.modules.editor.fold/1 [1.40.1 20160425-unknown-revn]
	org.netbeans.modules.editor.indent/2 [1.37.1 20160425-unknown-revn]
	org.netbeans.modules.editor.lib/3 [3.49.1.22.43 22 20160425-unknown-revn]
	org.netbeans.spi.editor.hints/0 [1.35.1.7.43 7 20160425-unknown-revn]
	org.netbeans.modules.project.indexingbridge [1.13.1 20160425-unknown-revn]
	org.netbeans.api.java.classpath/1 [1.42.1 20160425-unknown-revn]
	org.netbeans.modules.masterfs/2 [2.48.1 20161010-unknown-revn]
	org.netbeans.libs.lucene/3 [3.16.1 20160425-unknown-revn]
	org.netbeans.modules.parsing.lucene/2 [2.28.1.1 1 20160425-unknown-revn]
	org.netbeans.modules.projectapi/1 [1.60.1 20160425-unknown-revn]
	org.netbeans.modules.projectuiapi/1 [1.78.1.8 8 20160425-unknown-revn]
	org.netbeans.modules.parsing.api/1 [1.78.1.8 8 20160425-unknown-revn]
	org.netbeans.libs.javacapi [8.11.1.3 3 20160425-unknown-revn]
	org.netbeans.modules.java.preprocessorbridge [1.35.1.1 1 20160425-unknown-revn]
	org.netbeans.modules.classfile/1 [1.45.1 20160425-unknown-revn]
	org.netbeans.modules.editor.fold.nbui [1.7.1.43 20160425-unknown-revn]
	org.netbeans.modules.editor/3 [1.79.1.5.22.43 5 20160425-unknown-revn]
	org.netbeans.modules.options.editor/1 [1.51.1 20160425-unknown-revn]
	org.netbeans.modules.editor.indent.project/0 [1.18.1 20160425-unknown-revn]
	org.netbeans.core.multiview/1 [1.40.2 20161010-unknown-revn]
	org.netbeans.libs.javacimpl/1 [0.38.1.25 25 20160425-unknown-revn]
	org.netbeans.lib.nbjavac [1.13.1.2.25 2 20160425-unknown-revn]
	org.netbeans.api.java/1 [1.52.1 20160425-unknown-revn]
	org.netbeans.modules.java.platform/1 [1.35.1 20160425-unknown-revn]
	org.netbeans.modules.editor.errorstripe.api/1 [2.29.1.1 1 20160425-unknown-revn]
	org.netbeans.modules.editor.errorstripe/2 [2.30.1.1.1 1 20160425-unknown-revn]
	org.netbeans.modules.diff/1 [1.47.1.42.1 42 20160425-unknown-revn]
	org.netbeans.modules.editor.guards/1 [1.26.1 20160425-unknown-revn]
	org.netbeans.modules.refactoring.api [1.40.1.1 1 20160425-unknown-revn]
	org.netbeans.modules.java.lexer/1 [1.28.1 20160425-unknown-revn]
	org.netbeans.modules.java.source [0.138.1.32.2.25.8 32 20160425-unknown-revn]
	org.netbeans.modules.whitelist [1.19.1 20160425-unknown-revn]
	org.netbeans.modules.settings/1 [1.45.1 20161013-unknown-revn]
	org.netbeans.modules.sendopts/2 [2.31.1 20161010-unknown-revn]
	org.netbeans.modules.progress.ui [1.29.5 20161010-unknown-revn]
	org.netbeans.modules.masterfs.nio2 [1.12.1 20161010-unknown-revn]
	org.netbeans.libs.jna/1 [1.38.1 20161010-unknown-revn]
	org.netbeans.modules.masterfs.linux [1.10.1 20161010-unknown-revn]
	org.netbeans.modules.libs.groovy [1.4.1 20160425-unknown-revn]
	org.netbeans.modules.lexer.nbbridge/1 [1.28.1.1 20160425-unknown-revn]
	org.netbeans.core.ui/1 [1.41.8 20170314-unknown-revn]
	org.netbeans.api.search [1.17.2 20161010-unknown-revn]
	org.netbeans.modules.jumpto/1 [1.42.1.1 1 20160425-unknown-revn]
	org.netbeans.modules.editor.bracesmatching/0 [1.34.1.43 20160425-unknown-revn]
	org.netbeans.modules.editor.completion/1 [1.40.1.2 2 20160425-unknown-revn]
	org.netbeans.modules.editor.codetemplates/1 [1.38.1.1 1 20160425-unknown-revn]
	org.netbeans.modules.editor.breadcrumbs/0 [1.12.1 20160425-unknown-revn]
	org.netbeans.modules.editor.actions/1 [1.26.1.43 20160425-unknown-revn]
	org.netbeans.modules.csl.api/2 [2.47.1.2.1.1.8 2 20160425-unknown-revn]
	org.netbeans.libs.nashorn/1 [1.16.1 20160425-unknown-revn]
	org.netbeans.modules.javascript2.editor/1 [0.44.2 20160425-unknown-revn]
	org.netbeans.modules.java.sourceui/1 [1.38.1.1.32 1 20160425-unknown-revn]
	org.netbeans.modules.editor.deprecated.pre65formatting/0 [1.23.1.1.5.22.43 1 20160425-unknown-revn]
	org.netbeans.modules.java.editor.lib/1 [1.34.1 20160425-unknown-revn]
	org.netbeans.modules.java.editor/1 [2.60.1.11.1.1 11 20160425-unknown-revn]
	org.netbeans.modules.groovy.editor/2 [1.59.2 20160425-unknown-revn]
	org.netbeans.modules.extexecution/2 [1.42.2 20160425-unknown-revn]
	org.netbeans.modules.extbrowser/1 [1.48.2 20160425-unknown-revn]
	org.netbeans.modules.editor.plain.lib/1 [1.30.1 20160425-unknown-revn]
	org.netbeans.modules.editor.plain/2 [1.31.1 20160425-unknown-revn]
	org.netbeans.modules.editor.mimelookup.impl/1 [1.27.1 20161010-unknown-revn]
	org.netbeans.modules.autoupdate.services [1.47.1 20161013-unknown-revn]
	org.netbeans.libs.osgi [1.18.1 20161010-unknown-revn]
	org.netbeans.libs.felix [2.12.1 20161010-unknown-revn]
	org.netbeans.core2 [2.0 170928]
	org.netbeans.core.windows/2 [2.77.4 20170117-unknown-revn]
	org.netbeans.core.output2/1 [1.37.2 20161013-unknown-revn]
	org.netbeans.core.network [1.6.1 20161013-unknown-revn]
	org.netbeans.core.netigso [1.27.1 20161013-unknown-revn]
	org.netbeans.core.io.ui/1 [1.26.3 20161010-unknown-revn]
	org.netbeans.core.execution/1 [1.37.1 20161013-unknown-revn]
	org.lobobrowser [2.0 170928]
	org.jdesktop.swingx [2.0 170928]
	org.java_websocket [2.0 170928]
	org.apache.poi [2.0 170928]
	org.apache.commons.lang [2.4.0 2.4.0]
	org.apache.commons.io [1.4 1.4]
	net.lingala.zip4j [2.2.5 170928]
	com.pinkmatter.pandora [2.1 170928]
	com.bulenkov.darcula [2.0 170928]
	com.paterva.maltego.util [2.5 170928]
	com.paterva.maltego.typing [2.0 170928]
	com.paterva.maltego.core [2.0 170928]
	com.paterva.maltego.java.config.ui [2.0 170928]
	com.paterva.maltego.util.ui [2.2 170928]
	apple.laf [2.0 170928]
	com.paterva.maltego.laf [2.0 170928]
	com.paterva.maltego.sound [2.0 170928]
	com.pinkmatter.modules.flamingo [2.0 170928]
	com.paterva.maltego.xmpp [2.0 170928]
	com.paterva.maltego.api [2.0 170928]
	com.paterva.maltego.graph [2.0 170928]
	com.paterva.maltego.graph.store [2.1 170928]
	com.paterva.maltego.graph.selection [2.0 170928]
	com.paterva.maltego.graph.wrapper [2.0 170928]
	com.paterva.maltego.imgfactoryapi [2.0 170928]
	com.paterva.maltego.typing.descriptor [2.0 170928]
	com.paterva.maltego.licensing [2.4 170928]
	com.google.gson [2.0 170928]
	com.paterva.maltego.entity.api [2.2 170928]
	com.paterva.maltego.matching [2.0 170928]
	com.paterva.maltego.transform.api [2.0 170928]
	com.paterva.maltego.transform.descriptor [2.1 170928]
	com.paterva.maltego.transform.repository [2.0 170928]
	com.paterva.maltego.pws.api [2.1 170928]
	com.paterva.maltego.merging [2.0 170928]
	com.paterva.maltego.graph.cache [2.0 170928]
	com.paterva.maltego.archive.mtz [2.0 170928]
	com.paterva.entity.serializer [2.0 170928]
	com.paterva.maltego.entity.registry [2.0 170928]
	com.paterva.maltego.transform.runner.api [2.1 170928]
	com.paterva.maltego.transform.protocol.v2api [2.4 170928]
	com.paterva.maltego.seeds.api [2.0 170928]
	com.paterva.maltego.imgfactory [2.0 170928]
	com.paterva.maltego.typing.editing [2.0 170928]
	com.paterva.maltego.licensing.ui [2.3 170928]
	com.paterva.maltego.bookmarks.ui [2.0 170928]
	com.paterva.maltego.view.customization.api [2.0 170928]
	com.paterva.maltego.runregistry [2.0 170928]
	com.paterva.maltego.importexport [2.0 170928]
	com.paterva.maltego.customicons [2.0 170928]
	com.paterva.maltego.entity.manager [2.1 170928]
	com.paterva.maltego.treelist.lazy [2.0 170928]
	com.paterva.maltego.serializers [2.0 170928]
	com.paterva.maltego.treelist.parts [2.1 170928]
	com.ctc.wstx [2.0 170928]
	com.paterva.maltego.ui.graph [2.3 170928]
	com.paterva.maltego.welcome [2.2 170928]
	com.paterva.maltego.webtx [2.0 170928]
	com.paterva.maltego.graph.undo [2.0 170928]
	com.paterva.maltego.layout [2.0 170928]
	com.paterva.maltego.view.mining [2.0 170928]
	com.paterva.maltego.detailview [2.0 170928]
	com.paterva.maltego.view.list [2.0 170928]
	com.paterva.maltego.view.customization.ui [2.0 170928]
	com.paterva.maltego.view.ball [2.0 170928]
	com.paterva.maltego.tx.inputs.global [2.0 170928]
	com.paterva.maltego.tx.inputs.global.ui [2.0 170928]
	com.paterva.maltego.transform.discovery [2.0 170928]
	com.paterva.maltego.transform.finder [2.0 170928]
	com.github.scribejava [2.0 170928]
	com.paterva.maltego.transform.manager [2.0 170928]
	com.paterva.maltego.transform.runner [2.2 170928]
	com.paterva.maltego.pws [2.1 170928]
	com.paterva.maltego.update.kit.commercial [2.1 170928]
	com.paterva.maltego.transform.protocol.v2 [2.0 170928]
	com.paterva.maltego.seeds.ui [2.2 170928]
	com.paterva.maltego.satelliteview [2.0 170928]
	com.paterva.maltego.runviews [2.0 170928]
	com.paterva.maltego.reporting [2.0 170928]
	com.paterva.maltego.propertyview [2.0 170928]
	com.paterva.maltego.opencsv [2.0 170928]
	com.paterva.maltego.mtgx [2.0 170928]
	com.paterva.maltego.icons.viewlets [2.0 170928]
	com.paterva.maltego.icons.transportation_locations [2.0 170928]
	com.paterva.maltego.icons.threats [2.0 170928]
	com.paterva.maltego.icons.technology [2.0 170928]
	com.paterva.maltego.icons.people [2.0 170928]
	com.paterva.maltego.icons.general [2.0 170928]
	com.paterva.maltego.icons.affiliations [2.0 170928]
	com.paterva.maltego.graph.table.io [2.1 170928]
	com.paterva.maltego.graph.table.ui [2.2 170928]
	com.paterva.maltego.graph.store.views [2.0 170928]
	com.paterva.maltego.graph.external.api [2.0 170928]
	com.paterva.maltego.graph.external [2.0 170928]
	com.paterva.maltego.entities.common [2.0 170928]
	com.paterva.maltego.graph.excel.io [2.0 170928]
	com.paterva.maltego.graph.csv.io [2.0 170928]
	com.paterva.maltego.find [2.1 170928]
	com.paterva.maltego.feeder [2.0 170928]
	com.paterva.maltego.feeder.websocket [2.0 170928]
	com.paterva.maltego.entities.transform [2.0 170928]
	com.paterva.maltego.chatapi [2.0 170928]
	com.paterva.maltego.chat [2.0 170928]
	com.paterva.maltego.collab [2.0 170928]
	com.paterva.maltego.branding [2.3 170928]
	com.paterva.maltego.automation [2.1 170928]
	com.paterva.graph.store [2.2 170928]
21:39:17.903 INFO [org.netbeans.core.netigso.Netigso]: bundle org.apache.felix.framework@4.2.1 started
21:39:18.098 WARNING [org.openide.filesystems.Ordering]: Found same position 550 for both Ribbon/TaskBar/com-paterva-maltego-graph-undo-RedoStackAction.shadow and Ribbon/TaskBar/com-paterva-maltego-ui-graph-undo-RedoStackAction.shadow
21:39:18.098 WARNING [org.openide.filesystems.Ordering]: Found same position 525 for both Ribbon/TaskBar/com-paterva-maltego-graph-undo-UndoStackAction.shadow and Ribbon/TaskBar/com-paterva-maltego-ui-graph-undo-UndoStackAction.shadow
21:39:18.098 WARNING [org.openide.filesystems.Ordering]: Found same position 400 for both Ribbon/TaskBar/com-paterva-maltego-ui-graph-actions-SaveAsAction.shadow and Ribbon/TaskBar/org-openide-actions-SaveAllAction.shadow
21:39:20.011 INFO [org.netbeans.ui.metrics.laf]: USG_LOOK_AND_FEEL
21:39:23.489 WARNING [null]: Note - com.paterva.maltego.welcome.startpage.StartPageTopComponent ought to override getPersistenceType() rather than using the client property or accepting the default.
21:39:25.018 Diagnostic information
Input arguments:
	-Djdk.home=/usr/lib/jvm/java-8-openjdk-amd64/jre
	-Dnetbeans.running.environment=gnome
	-Dnetbeans.dirs=/usr/share/maltego/maltego:/usr/share/maltego/groovy:/usr/share/maltego/ide:/usr/share/maltego/java:/usr/share/maltego/maltego-ui:/usr/share/maltego/maltego-core-platform:/usr/share/maltego/extra:
	-Dnetbeans.home=/usr/share/maltego/platform
	-Xms24m
	-Xmx800m
	-Djava.net.preferIPv4Stack=true
	-Dsun.java2d.xrender=false
	-XX:+HeapDumpOnOutOfMemoryError
	-XX:HeapDumpPath=/root/.maltego/v4.1.0/var/log/heapdump.hprof
Compiler: HotSpot 64-Bit Tiered Compilers
Heap memory usage: initial 24.0MB maximum 711.5MB
Non heap memory usage: initial 2.4MB maximum -1b
Garbage collector: PS Scavenge (Collections=14 Total time spent=0s)
Garbage collector: PS MarkSweep (Collections=3 Total time spent=0s)
Classes: loaded=9899 total loaded=9899 unloaded 0
21:39:25.019 INFO [org.netbeans.core.ui.warmup.DiagnosticTask]: Total memory 4,027,183,104
21:39:25.019 INFO [null]: Total physical memory 4,027,183,104
21:39:25.476 WARNING [org.openide.filesystems.Ordering]: Not all children in Menu/Window/ marked with the position attribute: [com-paterva-maltego-automation-view-progress-RuntimeViewTopComponent.shadow], but some are: [org-netbeans-modules-navigator-ShowNavigatorAction.shadow, org-netbeans-core-io-ui-IOWindowAction.shadow, SwitchToRecentDocumentAction.shadow, Web, Tools, Separator3.instance, ConfigureWindow, org-netbeans-core-windows-actions-ResetWindowsAction.shadow, Separator4.instance, CloseWindowAction.shadow, CloseAllDocumentsAction.shadow, CloseAllButThisAction.shadow, GroupsMenuAction.shadow, DocumentsAction.shadow]
21:40:37.585 INFO [com.paterva.maltego.mtgx.imex.MtgxSerializer]: Opening graph mtgx7615131550956624735.tmp
21:40:37.854 SLF4J: Failed to load class "org.slf4j.impl.StaticLoggerBinder".
21:40:37.854 SLF4J: Defaulting to no-operation (NOP) logger implementation
21:40:37.854 SLF4J: See http://www.slf4j.org/codes.html#StaticLoggerBinder for further details.
21:40:38.605 INFO [com.paterva.maltego.mtgx.imex.MtgxSerializer]: Done opening graph (1.02s)
21:41:15.913 WARNING [org.openide.filesystems.Ordering]: Not all children in Maltego/Entities/ marked with the position attribute: [RecentlyUsed], but some are: [Groups, Infrastructure, Locations, Malware, Penetration Testing, Personal, Devices, Social Network]
21:41:56.123 INFO [org.netbeans.editor.BaseKit]: Null Action.NAME property of action org.netbeans.modules.groovy.editor.actions.FixImportsAction@14e3709f
21:44:50.863 INFO [com.paterva.maltego.mtgx.imex.MtgxSerializer]: Opening graph mtgx7840036439248907304.tmp
21:44:50.867 INFO [com.paterva.maltego.mtgx.imex.MtgxSerializer]: Done opening graph (0.004s)
21:44:57.719 WARNING [org.openide.filesystems.Ordering]: Not all children in Maltego/Entities/ marked with the position attribute: [RecentlyUsed], but some are: [Groups, Infrastructure, Locations, Malware, Penetration Testing, Personal, Devices, Social Network]
21:44:57.729 WARNING [org.openide.filesystems.Ordering]: Not all children in Maltego/Entities/ marked with the position attribute: [RecentlyUsed], but some are: [Groups, Infrastructure, Locations, Malware, Penetration Testing, Personal, Devices, Social Network]
21:45:12.730 WARNING [org.openide.filesystems.Ordering]: Not all children in Maltego/Entities/ marked with the position attribute: [RecentlyUsed], but some are: [Groups, Infrastructure, Locations, Malware, Penetration Testing, Personal, Devices, Social Network]
21:45:38.803 INFO [org.netbeans.core.netigso.Netigso]: bundle org.apache.felix.framework@4.2.1 256
